<?xml version="1.0" encoding="UTF-8"?>
<testsuite xmlns:xsi="http://www.w3.org/2001/XMLSchema-instance" xsi:noNamespaceSchemaLocation="https://maven.apache.org/surefire/maven-surefire-plugin/xsd/surefire-test-report-3.0.xsd" version="3.0" name="TestSuite" time="98.367" tests="57" errors="0" skipped="0" failures="0">
  <properties>
    <property name="java.specification.version" value="17"/>
    <property name="sun.cpu.isalist" value="amd64"/>
    <property name="sun.jnu.encoding" value="Cp1252"/>
    <property name="sun.awt.enableExtraMouseButtons" value="true"/>
    <property name="java.class.path" value="C:\Users\2303526\OneDrive - Cognizant\Desktop\New folder\Hackathon_Project\target\test-classes;C:\Users\2303526\OneDrive - Cognizant\Desktop\New folder\Hackathon_Project\target\classes;C:\Users\2303526\.m2\repository\org\seleniumhq\selenium\selenium-java\4.16.1\selenium-java-4.16.1.jar;C:\Users\2303526\.m2\repository\org\seleniumhq\selenium\selenium-api\4.16.1\selenium-api-4.16.1.jar;C:\Users\2303526\.m2\repository\org\seleniumhq\selenium\selenium-chrome-driver\4.16.1\selenium-chrome-driver-4.16.1.jar;C:\Users\2303526\.m2\repository\com\google\auto\service\auto-service-annotations\1.1.1\auto-service-annotations-1.1.1.jar;C:\Users\2303526\.m2\repository\org\seleniumhq\selenium\selenium-chromium-driver\4.16.1\selenium-chromium-driver-4.16.1.jar;C:\Users\2303526\.m2\repository\org\seleniumhq\selenium\selenium-json\4.16.1\selenium-json-4.16.1.jar;C:\Users\2303526\.m2\repository\org\seleniumhq\selenium\selenium-manager\4.16.1\selenium-manager-4.16.1.jar;C:\Users\2303526\.m2\repository\org\seleniumhq\selenium\selenium-devtools-v118\4.16.1\selenium-devtools-v118-4.16.1.jar;C:\Users\2303526\.m2\repository\org\seleniumhq\selenium\selenium-devtools-v119\4.16.1\selenium-devtools-v119-4.16.1.jar;C:\Users\2303526\.m2\repository\org\seleniumhq\selenium\selenium-devtools-v120\4.16.1\selenium-devtools-v120-4.16.1.jar;C:\Users\2303526\.m2\repository\org\seleniumhq\selenium\selenium-devtools-v85\4.16.1\selenium-devtools-v85-4.16.1.jar;C:\Users\2303526\.m2\repository\org\seleniumhq\selenium\selenium-edge-driver\4.16.1\selenium-edge-driver-4.16.1.jar;C:\Users\2303526\.m2\repository\org\seleniumhq\selenium\selenium-firefox-driver\4.16.1\selenium-firefox-driver-4.16.1.jar;C:\Users\2303526\.m2\repository\org\seleniumhq\selenium\selenium-http\4.16.1\selenium-http-4.16.1.jar;C:\Users\2303526\.m2\repository\dev\failsafe\failsafe\3.3.2\failsafe-3.3.2.jar;C:\Users\2303526\.m2\repository\org\seleniumhq\selenium\selenium-ie-driver\4.16.1\selenium-ie-driver-4.16.1.jar;C:\Users\2303526\.m2\repository\org\seleniumhq\selenium\selenium-remote-driver\4.16.1\selenium-remote-driver-4.16.1.jar;C:\Users\2303526\.m2\repository\com\google\guava\guava\32.1.2-jre\guava-32.1.2-jre.jar;C:\Users\2303526\.m2\repository\com\google\guava\failureaccess\1.0.1\failureaccess-1.0.1.jar;C:\Users\2303526\.m2\repository\com\google\guava\listenablefuture\9999.0-empty-to-avoid-conflict-with-guava\listenablefuture-9999.0-empty-to-avoid-conflict-with-guava.jar;C:\Users\2303526\.m2\repository\com\google\code\findbugs\jsr305\3.0.2\jsr305-3.0.2.jar;C:\Users\2303526\.m2\repository\org\checkerframework\checker-qual\3.33.0\checker-qual-3.33.0.jar;C:\Users\2303526\.m2\repository\com\google\errorprone\error_prone_annotations\2.18.0\error_prone_annotations-2.18.0.jar;C:\Users\2303526\.m2\repository\com\google\j2objc\j2objc-annotations\2.8\j2objc-annotations-2.8.jar;C:\Users\2303526\.m2\repository\io\opentelemetry\opentelemetry-api\1.28.0\opentelemetry-api-1.28.0.jar;C:\Users\2303526\.m2\repository\io\opentelemetry\opentelemetry-context\1.28.0\opentelemetry-context-1.28.0.jar;C:\Users\2303526\.m2\repository\io\opentelemetry\opentelemetry-exporter-logging\1.28.0\opentelemetry-exporter-logging-1.28.0.jar;C:\Users\2303526\.m2\repository\io\opentelemetry\opentelemetry-sdk-metrics\1.28.0\opentelemetry-sdk-metrics-1.28.0.jar;C:\Users\2303526\.m2\repository\io\opentelemetry\opentelemetry-extension-incubator\1.28.0-alpha\opentelemetry-extension-incubator-1.28.0-alpha.jar;C:\Users\2303526\.m2\repository\io\opentelemetry\opentelemetry-sdk-logs\1.28.0\opentelemetry-sdk-logs-1.28.0.jar;C:\Users\2303526\.m2\repository\io\opentelemetry\opentelemetry-sdk-common\1.28.0\opentelemetry-sdk-common-1.28.0.jar;C:\Users\2303526\.m2\repository\io\opentelemetry\opentelemetry-sdk-extension-autoconfigure-spi\1.28.0\opentelemetry-sdk-extension-autoconfigure-spi-1.28.0.jar;C:\Users\2303526\.m2\repository\io\opentelemetry\opentelemetry-sdk-extension-autoconfigure\1.28.0\opentelemetry-sdk-extension-autoconfigure-1.28.0.jar;C:\Users\2303526\.m2\repository\io\opentelemetry\opentelemetry-api-events\1.28.0-alpha\opentelemetry-api-events-1.28.0-alpha.jar;C:\Users\2303526\.m2\repository\io\opentelemetry\opentelemetry-sdk-trace\1.28.0\opentelemetry-sdk-trace-1.28.0.jar;C:\Users\2303526\.m2\repository\io\opentelemetry\opentelemetry-sdk\1.28.0\opentelemetry-sdk-1.28.0.jar;C:\Users\2303526\.m2\repository\io\opentelemetry\opentelemetry-semconv\1.28.0-alpha\opentelemetry-semconv-1.28.0-alpha.jar;C:\Users\2303526\.m2\repository\net\bytebuddy\byte-buddy\1.14.5\byte-buddy-1.14.5.jar;C:\Users\2303526\.m2\repository\org\seleniumhq\selenium\selenium-os\4.16.1\selenium-os-4.16.1.jar;C:\Users\2303526\.m2\repository\org\apache\commons\commons-exec\1.3\commons-exec-1.3.jar;C:\Users\2303526\.m2\repository\org\seleniumhq\selenium\selenium-safari-driver\4.16.1\selenium-safari-driver-4.16.1.jar;C:\Users\2303526\.m2\repository\org\seleniumhq\selenium\selenium-support\4.16.1\selenium-support-4.16.1.jar;C:\Users\2303526\.m2\repository\io\github\bonigarcia\webdrivermanager\5.6.2\webdrivermanager-5.6.2.jar;C:\Users\2303526\.m2\repository\org\slf4j\slf4j-api\2.0.9\slf4j-api-2.0.9.jar;C:\Users\2303526\.m2\repository\com\google\code\gson\gson\2.10.1\gson-2.10.1.jar;C:\Users\2303526\.m2\repository\com\github\docker-java\docker-java\3.3.4\docker-java-3.3.4.jar;C:\Users\2303526\.m2\repository\com\github\docker-java\docker-java-core\3.3.4\docker-java-core-3.3.4.jar;C:\Users\2303526\.m2\repository\com\github\docker-java\docker-java-api\3.3.4\docker-java-api-3.3.4.jar;C:\Users\2303526\.m2\repository\com\fasterxml\jackson\core\jackson-annotations\2.10.3\jackson-annotations-2.10.3.jar;C:\Users\2303526\.m2\repository\com\fasterxml\jackson\core\jackson-databind\2.10.3\jackson-databind-2.10.3.jar;C:\Users\2303526\.m2\repository\com\fasterxml\jackson\core\jackson-core\2.10.3\jackson-core-2.10.3.jar;C:\Users\2303526\.m2\repository\org\bouncycastle\bcpkix-jdk18on\1.76\bcpkix-jdk18on-1.76.jar;C:\Users\2303526\.m2\repository\org\bouncycastle\bcprov-jdk18on\1.76\bcprov-jdk18on-1.76.jar;C:\Users\2303526\.m2\repository\org\bouncycastle\bcutil-jdk18on\1.76\bcutil-jdk18on-1.76.jar;C:\Users\2303526\.m2\repository\org\slf4j\jcl-over-slf4j\1.7.30\jcl-over-slf4j-1.7.30.jar;C:\Users\2303526\.m2\repository\com\github\docker-java\docker-java-transport-httpclient5\3.3.4\docker-java-transport-httpclient5-3.3.4.jar;C:\Users\2303526\.m2\repository\com\github\docker-java\docker-java-transport\3.3.4\docker-java-transport-3.3.4.jar;C:\Users\2303526\.m2\repository\net\java\dev\jna\jna\5.13.0\jna-5.13.0.jar;C:\Users\2303526\.m2\repository\org\brotli\dec\0.1.2\dec-0.1.2.jar;C:\Users\2303526\.m2\repository\org\apache\commons\commons-compress\1.24.0\commons-compress-1.24.0.jar;C:\Users\2303526\.m2\repository\org\apache\httpcomponents\client5\httpclient5\5.2.1\httpclient5-5.2.1.jar;C:\Users\2303526\.m2\repository\org\apache\httpcomponents\core5\httpcore5\5.2\httpcore5-5.2.jar;C:\Users\2303526\.m2\repository\org\apache\httpcomponents\core5\httpcore5-h2\5.2\httpcore5-h2-5.2.jar;C:\Users\2303526\.m2\repository\org\apache\poi\poi\5.2.2\poi-5.2.2.jar;C:\Users\2303526\.m2\repository\commons-codec\commons-codec\1.15\commons-codec-1.15.jar;C:\Users\2303526\.m2\repository\org\apache\commons\commons-collections4\4.4\commons-collections4-4.4.jar;C:\Users\2303526\.m2\repository\org\apache\commons\commons-math3\3.6.1\commons-math3-3.6.1.jar;C:\Users\2303526\.m2\repository\com\zaxxer\SparseBitSet\1.2\SparseBitSet-1.2.jar;C:\Users\2303526\.m2\repository\org\apache\poi\poi-ooxml\5.2.2\poi-ooxml-5.2.2.jar;C:\Users\2303526\.m2\repository\org\apache\poi\poi-ooxml-lite\5.2.2\poi-ooxml-lite-5.2.2.jar;C:\Users\2303526\.m2\repository\org\apache\xmlbeans\xmlbeans\5.0.3\xmlbeans-5.0.3.jar;C:\Users\2303526\.m2\repository\com\github\virtuald\curvesapi\1.07\curvesapi-1.07.jar;C:\Users\2303526\.m2\repository\org\testng\testng\7.8.0\testng-7.8.0.jar;C:\Users\2303526\.m2\repository\com\beust\jcommander\1.82\jcommander-1.82.jar;C:\Users\2303526\.m2\repository\org\webjars\jquery\3.6.1\jquery-3.6.1.jar;C:\Users\2303526\.m2\repository\com\aventstack\extentreports\5.1.1\extentreports-5.1.1.jar;C:\Users\2303526\.m2\repository\io\reactivex\rxjava3\rxjava\3.1.6\rxjava-3.1.6.jar;C:\Users\2303526\.m2\repository\org\reactivestreams\reactive-streams\1.0.4\reactive-streams-1.0.4.jar;C:\Users\2303526\.m2\repository\org\freemarker\freemarker\2.3.32\freemarker-2.3.32.jar;C:\Users\2303526\.m2\repository\org\projectlombok\lombok\1.18.26\lombok-1.18.26.jar;C:\Users\2303526\.m2\repository\org\apache\logging\log4j\log4j-core\2.20.0\log4j-core-2.20.0.jar;C:\Users\2303526\.m2\repository\org\apache\logging\log4j\log4j-api\2.20.0\log4j-api-2.20.0.jar;C:\Users\2303526\.m2\repository\commons-io\commons-io\2.15.1\commons-io-2.15.1.jar;C:\Users\2303526\.m2\repository\org\apache\commons\commons-lang3\3.14.0\commons-lang3-3.14.0.jar;"/>
    <property name="java.vm.vendor" value="Eclipse Adoptium"/>
    <property name="sun.arch.data.model" value="64"/>
    <property name="user.variant" value=""/>
    <property name="java.vendor.url" value="https://adoptium.net/"/>
    <property name="user.timezone" value="Asia/Calcutta"/>
    <property name="os.name" value="Windows 11"/>
    <property name="java.vm.specification.version" value="17"/>
    <property name="sun.java.launcher" value="SUN_STANDARD"/>
    <property name="user.country" value="US"/>
    <property name="sun.boot.library.path" value="C:\Users\2303526\.p2\pool\plugins\org.eclipse.justj.openjdk.hotspot.jre.full.win32.x86_64_17.0.9.v20231028-0858\jre\bin"/>
    <property name="sun.java.command" value="C:\Users\2303526\AppData\Local\Temp\1\surefire12889632295546987100\surefirebooter-20240208233205169_3.jar C:\Users\2303526\AppData\Local\Temp\1\surefire12889632295546987100 2024-02-08T23-32-04_738-jvmRun1 surefire-20240208233205169_1tmp surefire_0-20240208233205169_2tmp"/>
    <property name="jdk.debug" value="release"/>
    <property name="surefire.test.class.path" value="C:\Users\2303526\OneDrive - Cognizant\Desktop\New folder\Hackathon_Project\target\test-classes;C:\Users\2303526\OneDrive - Cognizant\Desktop\New folder\Hackathon_Project\target\classes;C:\Users\2303526\.m2\repository\org\seleniumhq\selenium\selenium-java\4.16.1\selenium-java-4.16.1.jar;C:\Users\2303526\.m2\repository\org\seleniumhq\selenium\selenium-api\4.16.1\selenium-api-4.16.1.jar;C:\Users\2303526\.m2\repository\org\seleniumhq\selenium\selenium-chrome-driver\4.16.1\selenium-chrome-driver-4.16.1.jar;C:\Users\2303526\.m2\repository\com\google\auto\service\auto-service-annotations\1.1.1\auto-service-annotations-1.1.1.jar;C:\Users\2303526\.m2\repository\org\seleniumhq\selenium\selenium-chromium-driver\4.16.1\selenium-chromium-driver-4.16.1.jar;C:\Users\2303526\.m2\repository\org\seleniumhq\selenium\selenium-json\4.16.1\selenium-json-4.16.1.jar;C:\Users\2303526\.m2\repository\org\seleniumhq\selenium\selenium-manager\4.16.1\selenium-manager-4.16.1.jar;C:\Users\2303526\.m2\repository\org\seleniumhq\selenium\selenium-devtools-v118\4.16.1\selenium-devtools-v118-4.16.1.jar;C:\Users\2303526\.m2\repository\org\seleniumhq\selenium\selenium-devtools-v119\4.16.1\selenium-devtools-v119-4.16.1.jar;C:\Users\2303526\.m2\repository\org\seleniumhq\selenium\selenium-devtools-v120\4.16.1\selenium-devtools-v120-4.16.1.jar;C:\Users\2303526\.m2\repository\org\seleniumhq\selenium\selenium-devtools-v85\4.16.1\selenium-devtools-v85-4.16.1.jar;C:\Users\2303526\.m2\repository\org\seleniumhq\selenium\selenium-edge-driver\4.16.1\selenium-edge-driver-4.16.1.jar;C:\Users\2303526\.m2\repository\org\seleniumhq\selenium\selenium-firefox-driver\4.16.1\selenium-firefox-driver-4.16.1.jar;C:\Users\2303526\.m2\repository\org\seleniumhq\selenium\selenium-http\4.16.1\selenium-http-4.16.1.jar;C:\Users\2303526\.m2\repository\dev\failsafe\failsafe\3.3.2\failsafe-3.3.2.jar;C:\Users\2303526\.m2\repository\org\seleniumhq\selenium\selenium-ie-driver\4.16.1\selenium-ie-driver-4.16.1.jar;C:\Users\2303526\.m2\repository\org\seleniumhq\selenium\selenium-remote-driver\4.16.1\selenium-remote-driver-4.16.1.jar;C:\Users\2303526\.m2\repository\com\google\guava\guava\32.1.2-jre\guava-32.1.2-jre.jar;C:\Users\2303526\.m2\repository\com\google\guava\failureaccess\1.0.1\failureaccess-1.0.1.jar;C:\Users\2303526\.m2\repository\com\google\guava\listenablefuture\9999.0-empty-to-avoid-conflict-with-guava\listenablefuture-9999.0-empty-to-avoid-conflict-with-guava.jar;C:\Users\2303526\.m2\repository\com\google\code\findbugs\jsr305\3.0.2\jsr305-3.0.2.jar;C:\Users\2303526\.m2\repository\org\checkerframework\checker-qual\3.33.0\checker-qual-3.33.0.jar;C:\Users\2303526\.m2\repository\com\google\errorprone\error_prone_annotations\2.18.0\error_prone_annotations-2.18.0.jar;C:\Users\2303526\.m2\repository\com\google\j2objc\j2objc-annotations\2.8\j2objc-annotations-2.8.jar;C:\Users\2303526\.m2\repository\io\opentelemetry\opentelemetry-api\1.28.0\opentelemetry-api-1.28.0.jar;C:\Users\2303526\.m2\repository\io\opentelemetry\opentelemetry-context\1.28.0\opentelemetry-context-1.28.0.jar;C:\Users\2303526\.m2\repository\io\opentelemetry\opentelemetry-exporter-logging\1.28.0\opentelemetry-exporter-logging-1.28.0.jar;C:\Users\2303526\.m2\repository\io\opentelemetry\opentelemetry-sdk-metrics\1.28.0\opentelemetry-sdk-metrics-1.28.0.jar;C:\Users\2303526\.m2\repository\io\opentelemetry\opentelemetry-extension-incubator\1.28.0-alpha\opentelemetry-extension-incubator-1.28.0-alpha.jar;C:\Users\2303526\.m2\repository\io\opentelemetry\opentelemetry-sdk-logs\1.28.0\opentelemetry-sdk-logs-1.28.0.jar;C:\Users\2303526\.m2\repository\io\opentelemetry\opentelemetry-sdk-common\1.28.0\opentelemetry-sdk-common-1.28.0.jar;C:\Users\2303526\.m2\repository\io\opentelemetry\opentelemetry-sdk-extension-autoconfigure-spi\1.28.0\opentelemetry-sdk-extension-autoconfigure-spi-1.28.0.jar;C:\Users\2303526\.m2\repository\io\opentelemetry\opentelemetry-sdk-extension-autoconfigure\1.28.0\opentelemetry-sdk-extension-autoconfigure-1.28.0.jar;C:\Users\2303526\.m2\repository\io\opentelemetry\opentelemetry-api-events\1.28.0-alpha\opentelemetry-api-events-1.28.0-alpha.jar;C:\Users\2303526\.m2\repository\io\opentelemetry\opentelemetry-sdk-trace\1.28.0\opentelemetry-sdk-trace-1.28.0.jar;C:\Users\2303526\.m2\repository\io\opentelemetry\opentelemetry-sdk\1.28.0\opentelemetry-sdk-1.28.0.jar;C:\Users\2303526\.m2\repository\io\opentelemetry\opentelemetry-semconv\1.28.0-alpha\opentelemetry-semconv-1.28.0-alpha.jar;C:\Users\2303526\.m2\repository\net\bytebuddy\byte-buddy\1.14.5\byte-buddy-1.14.5.jar;C:\Users\2303526\.m2\repository\org\seleniumhq\selenium\selenium-os\4.16.1\selenium-os-4.16.1.jar;C:\Users\2303526\.m2\repository\org\apache\commons\commons-exec\1.3\commons-exec-1.3.jar;C:\Users\2303526\.m2\repository\org\seleniumhq\selenium\selenium-safari-driver\4.16.1\selenium-safari-driver-4.16.1.jar;C:\Users\2303526\.m2\repository\org\seleniumhq\selenium\selenium-support\4.16.1\selenium-support-4.16.1.jar;C:\Users\2303526\.m2\repository\io\github\bonigarcia\webdrivermanager\5.6.2\webdrivermanager-5.6.2.jar;C:\Users\2303526\.m2\repository\org\slf4j\slf4j-api\2.0.9\slf4j-api-2.0.9.jar;C:\Users\2303526\.m2\repository\com\google\code\gson\gson\2.10.1\gson-2.10.1.jar;C:\Users\2303526\.m2\repository\com\github\docker-java\docker-java\3.3.4\docker-java-3.3.4.jar;C:\Users\2303526\.m2\repository\com\github\docker-java\docker-java-core\3.3.4\docker-java-core-3.3.4.jar;C:\Users\2303526\.m2\repository\com\github\docker-java\docker-java-api\3.3.4\docker-java-api-3.3.4.jar;C:\Users\2303526\.m2\repository\com\fasterxml\jackson\core\jackson-annotations\2.10.3\jackson-annotations-2.10.3.jar;C:\Users\2303526\.m2\repository\com\fasterxml\jackson\core\jackson-databind\2.10.3\jackson-databind-2.10.3.jar;C:\Users\2303526\.m2\repository\com\fasterxml\jackson\core\jackson-core\2.10.3\jackson-core-2.10.3.jar;C:\Users\2303526\.m2\repository\org\bouncycastle\bcpkix-jdk18on\1.76\bcpkix-jdk18on-1.76.jar;C:\Users\2303526\.m2\repository\org\bouncycastle\bcprov-jdk18on\1.76\bcprov-jdk18on-1.76.jar;C:\Users\2303526\.m2\repository\org\bouncycastle\bcutil-jdk18on\1.76\bcutil-jdk18on-1.76.jar;C:\Users\2303526\.m2\repository\org\slf4j\jcl-over-slf4j\1.7.30\jcl-over-slf4j-1.7.30.jar;C:\Users\2303526\.m2\repository\com\github\docker-java\docker-java-transport-httpclient5\3.3.4\docker-java-transport-httpclient5-3.3.4.jar;C:\Users\2303526\.m2\repository\com\github\docker-java\docker-java-transport\3.3.4\docker-java-transport-3.3.4.jar;C:\Users\2303526\.m2\repository\net\java\dev\jna\jna\5.13.0\jna-5.13.0.jar;C:\Users\2303526\.m2\repository\org\brotli\dec\0.1.2\dec-0.1.2.jar;C:\Users\2303526\.m2\repository\org\apache\commons\commons-compress\1.24.0\commons-compress-1.24.0.jar;C:\Users\2303526\.m2\repository\org\apache\httpcomponents\client5\httpclient5\5.2.1\httpclient5-5.2.1.jar;C:\Users\2303526\.m2\repository\org\apache\httpcomponents\core5\httpcore5\5.2\httpcore5-5.2.jar;C:\Users\2303526\.m2\repository\org\apache\httpcomponents\core5\httpcore5-h2\5.2\httpcore5-h2-5.2.jar;C:\Users\2303526\.m2\repository\org\apache\poi\poi\5.2.2\poi-5.2.2.jar;C:\Users\2303526\.m2\repository\commons-codec\commons-codec\1.15\commons-codec-1.15.jar;C:\Users\2303526\.m2\repository\org\apache\commons\commons-collections4\4.4\commons-collections4-4.4.jar;C:\Users\2303526\.m2\repository\org\apache\commons\commons-math3\3.6.1\commons-math3-3.6.1.jar;C:\Users\2303526\.m2\repository\com\zaxxer\SparseBitSet\1.2\SparseBitSet-1.2.jar;C:\Users\2303526\.m2\repository\org\apache\poi\poi-ooxml\5.2.2\poi-ooxml-5.2.2.jar;C:\Users\2303526\.m2\repository\org\apache\poi\poi-ooxml-lite\5.2.2\poi-ooxml-lite-5.2.2.jar;C:\Users\2303526\.m2\repository\org\apache\xmlbeans\xmlbeans\5.0.3\xmlbeans-5.0.3.jar;C:\Users\2303526\.m2\repository\com\github\virtuald\curvesapi\1.07\curvesapi-1.07.jar;C:\Users\2303526\.m2\repository\org\testng\testng\7.8.0\testng-7.8.0.jar;C:\Users\2303526\.m2\repository\com\beust\jcommander\1.82\jcommander-1.82.jar;C:\Users\2303526\.m2\repository\org\webjars\jquery\3.6.1\jquery-3.6.1.jar;C:\Users\2303526\.m2\repository\com\aventstack\extentreports\5.1.1\extentreports-5.1.1.jar;C:\Users\2303526\.m2\repository\io\reactivex\rxjava3\rxjava\3.1.6\rxjava-3.1.6.jar;C:\Users\2303526\.m2\repository\org\reactivestreams\reactive-streams\1.0.4\reactive-streams-1.0.4.jar;C:\Users\2303526\.m2\repository\org\freemarker\freemarker\2.3.32\freemarker-2.3.32.jar;C:\Users\2303526\.m2\repository\org\projectlombok\lombok\1.18.26\lombok-1.18.26.jar;C:\Users\2303526\.m2\repository\org\apache\logging\log4j\log4j-core\2.20.0\log4j-core-2.20.0.jar;C:\Users\2303526\.m2\repository\org\apache\logging\log4j\log4j-api\2.20.0\log4j-api-2.20.0.jar;C:\Users\2303526\.m2\repository\commons-io\commons-io\2.15.1\commons-io-2.15.1.jar;C:\Users\2303526\.m2\repository\org\apache\commons\commons-lang3\3.14.0\commons-lang3-3.14.0.jar;"/>
    <property name="sun.cpu.endian" value="little"/>
    <property name="user.home" value="C:\Users\2303526"/>
    <property name="user.language" value="en"/>
    <property name="java.specification.vendor" value="Oracle Corporation"/>
    <property name="java.version.date" value="2023-10-17"/>
    <property name="java.home" value="C:\Users\2303526\.p2\pool\plugins\org.eclipse.justj.openjdk.hotspot.jre.full.win32.x86_64_17.0.9.v20231028-0858\jre"/>
    <property name="file.separator" value="\"/>
    <property name="style.color" value="always"/>
    <property name="basedir" value="C:\Users\2303526\OneDrive - Cognizant\Desktop\New folder\Hackathon_Project"/>
    <property name="java.vm.compressedOopsMode" value="Zero based"/>
    <property name="line.separator" value="&#10;"/>
    <property name="java.vm.specification.vendor" value="Oracle Corporation"/>
    <property name="java.specification.name" value="Java Platform API Specification"/>
    <property name="surefire.real.class.path" value="C:\Users\2303526\AppData\Local\Temp\1\surefire12889632295546987100\surefirebooter-20240208233205169_3.jar"/>
    <property name="user.script" value=""/>
    <property name="sun.management.compiler" value="HotSpot 64-Bit Tiered Compilers"/>
    <property name="java.runtime.version" value="17.0.9+9"/>
    <property name="user.name" value="2303526"/>
    <property name="path.separator" value=";"/>
    <property name="os.version" value="10.0"/>
    <property name="java.runtime.name" value="OpenJDK Runtime Environment"/>
    <property name="file.encoding" value="Cp1252"/>
    <property name="java.vm.name" value="OpenJDK 64-Bit Server VM"/>
    <property name="java.vendor.version" value="Temurin-17.0.9+9"/>
    <property name="localRepository" value="C:\Users\2303526\.m2\repository"/>
    <property name="java.vendor.url.bug" value="https://github.com/adoptium/adoptium-support/issues"/>
    <property name="java.io.tmpdir" value="C:\Users\2303526\AppData\Local\Temp\1\"/>
    <property name="java.version" value="17.0.9"/>
    <property name="user.dir" value="C:\Users\2303526\OneDrive - Cognizant\Desktop\New folder\Hackathon_Project"/>
    <property name="os.arch" value="amd64"/>
    <property name="java.vm.specification.name" value="Java Virtual Machine Specification"/>
    <property name="sun.os.patch.level" value=""/>
    <property name="native.encoding" value="Cp1252"/>
    <property name="java.library.path" value="C:\Users\2303526\.p2\pool\plugins\org.eclipse.justj.openjdk.hotspot.jre.full.win32.x86_64_17.0.9.v20231028-0858\jre\bin;C:\Windows\Sun\Java\bin;C:\Windows\system32;C:\Windows;C:/Users/2303526/.p2/pool/plugins/org.eclipse.justj.openjdk.hotspot.jre.full.win32.x86_64_17.0.9.v20231028-0858/jre/bin/server;C:/Users/2303526/.p2/pool/plugins/org.eclipse.justj.openjdk.hotspot.jre.full.win32.x86_64_17.0.9.v20231028-0858/jre/bin;C:\Program Files\Zulu\zulu-17\bin\;C:\Windows\system32;C:\Windows;C:\Windows\System32\Wbem;C:\Windows\System32\WindowsPowerShell\v1.0\;C:\Windows\System32\OpenSSH\;C:\Program Files\Git\cmd;C:\apache-maven-3.9.6\bin;C:\Users\2303526\AppData\Local\Microsoft\WindowsApps;;C:\Users\2303526\OneDrive - Cognizant\Desktop;;."/>
    <property name="java.vm.info" value="mixed mode"/>
    <property name="java.vendor" value="Eclipse Adoptium"/>
    <property name="java.vm.version" value="17.0.9+9"/>
    <property name="sun.io.unicode.encoding" value="UnicodeLittle"/>
    <property name="java.class.version" value="61.0"/>
  </properties>
  <testcase name="clickOnCarLoanLink" classname="TestCases.LoanTenureCalculatorUICheck" time="0.579">
    <system-err><![CDATA[SLF4J: No SLF4J providers were found.
SLF4J: Defaulting to no-operation (NOP) logger implementation
SLF4J: See https://www.slf4j.org/codes.html#noProviders for further details.
]]></system-err>
  </testcase>
  <testcase name="setCarAmount[15,00,000, 9.5, 1.0](1)" classname="TestCases.LoanTenureCalculatorUICheck" time="0.938"/>
  <testcase name="setInterestRate[15,00,000, 9.5, 1.0](1)" classname="TestCases.LoanTenureCalculatorUICheck" time="0.94"/>
  <testcase name="setLoanTenure[15,00,000, 9.5, 1.0](1)" classname="TestCases.LoanTenureCalculatorUICheck" time="0.947"/>
  <testcase name="clickOnyear" classname="TestCases.LoanTenureCalculatorUICheck" time="0.403"/>
  <testcase name="readData" classname="TestCases.LoanTenureCalculatorUICheck" time="0.358">
    <system-out><![CDATA[Car Loan
Month   Interest Amount   Principal Amount
Feb	₹ 1,19,650	₹ 11,875	
]]></system-out>
  </testcase>
  <testcase name="calculatorsDropDownValidation" classname="TestCases.LoanTenureCalculatorUICheck" time="0.277"/>
  <testcase name="homeLoanEmiCalculatorValidation" classname="TestCases.LoanTenureCalculatorUICheck" time="8.5"/>
  <testcase name="validateHomeValueInputfield[2,00,00,000, 25.0, 10,00,000, 12.0, 10.0, 0.3, 01-Feb-2029, 5.0, 0.3, 0.1, 3000.0](1)" classname="TestCases.LoanTenureCalculatorUICheck" time="4.103"/>
  <testcase name="validateDownPaymentInputFieldInPercentage[2,00,00,000, 25.0, 10,00,000, 12.0, 10.0, 0.3, 01-Feb-2029, 5.0, 0.3, 0.1, 3000.0](1)" classname="TestCases.LoanTenureCalculatorUICheck" time="3.897"/>
  <testcase name="validateDownPaymentRupeesButton" classname="TestCases.LoanTenureCalculatorUICheck" time="0.592"/>
  <testcase name="validateLoanInsuranceInputField[2,00,00,000, 25.0, 10,00,000, 12.0, 10.0, 0.3, 01-Feb-2029, 5.0, 0.3, 0.1, 3000.0](1)" classname="TestCases.LoanTenureCalculatorUICheck" time="3.594"/>
  <testcase name="validateInterestRateInputField[2,00,00,000, 25.0, 10,00,000, 12.0, 10.0, 0.3, 01-Feb-2029, 5.0, 0.3, 0.1, 3000.0](1)" classname="TestCases.LoanTenureCalculatorUICheck" time="0.357"/>
  <testcase name="validateLoanTenureInputField[2,00,00,000, 25.0, 10,00,000, 12.0, 10.0, 0.3, 01-Feb-2029, 5.0, 0.3, 0.1, 3000.0](1)" classname="TestCases.LoanTenureCalculatorUICheck" time="0.461"/>
  <testcase name="validateLoanTenureMonthsButton" classname="TestCases.LoanTenureCalculatorUICheck" time="0.454"/>
  <testcase name="validateLoanChargesInputField[2,00,00,000, 25.0, 10,00,000, 12.0, 10.0, 0.3, 01-Feb-2029, 5.0, 0.3, 0.1, 3000.0](1)" classname="TestCases.LoanTenureCalculatorUICheck" time="4.476"/>
  <testcase name="validateLoanChargesRupeesButtonElement" classname="TestCases.LoanTenureCalculatorUICheck" time="0.495"/>
  <testcase name="validateLoanStartMonthAndYearField" classname="TestCases.LoanTenureCalculatorUICheck" time="0.412"/>
  <testcase name="validateLoanStartMonthAndYearInputField[2,00,00,000, 25.0, 10,00,000, 12.0, 10.0, 0.3, 01-Feb-2029, 5.0, 0.3, 0.1, 3000.0](1)" classname="TestCases.LoanTenureCalculatorUICheck" time="0.857"/>
  <testcase name="validateOneTimeExpensesInputField[2,00,00,000, 25.0, 10,00,000, 12.0, 10.0, 0.3, 01-Feb-2029, 5.0, 0.3, 0.1, 3000.0](1)" classname="TestCases.LoanTenureCalculatorUICheck" time="0.34"/>
  <testcase name="validateOneTimeExpensesRupeesButton" classname="TestCases.LoanTenureCalculatorUICheck" time="3.412"/>
  <testcase name="validatePropertyTaxesPerYearInputField[2,00,00,000, 25.0, 10,00,000, 12.0, 10.0, 0.3, 01-Feb-2029, 5.0, 0.3, 0.1, 3000.0](1)" classname="TestCases.LoanTenureCalculatorUICheck" time="0.342"/>
  <testcase name="validatePropertyTaxesPerYearRupeesButton" classname="TestCases.LoanTenureCalculatorUICheck" time="3.588"/>
  <testcase name="validateHomeInsurancePerYearInputField[2,00,00,000, 25.0, 10,00,000, 12.0, 10.0, 0.3, 01-Feb-2029, 5.0, 0.3, 0.1, 3000.0](1)" classname="TestCases.LoanTenureCalculatorUICheck" time="0.488"/>
  <testcase name="validateHomeInsurancePerYearRupeesButton" classname="TestCases.LoanTenureCalculatorUICheck" time="3.488"/>
  <testcase name="validateMaintenanceExpensesPerMonthInputField[2,00,00,000, 25.0, 10,00,000, 12.0, 10.0, 0.3, 01-Feb-2029, 5.0, 0.3, 0.1, 3000.0](1)" classname="TestCases.LoanTenureCalculatorUICheck" time="0.395"/>
  <testcase name="printAllTheData" classname="TestCases.LoanTenureCalculatorUICheck" time="10.117">
    <system-out><![CDATA[Year	Principal (A)	Interest (B)	Taxes, Home Insurance & Maintenance (C)	Total Payment (A+B+C)	Balance	Loan Paid To Date
2029	 804514	 1720575	 106333	 2631422	 15195486	5.03	
2030	 984145	 1770497	 116000	 2870642	 14211341	11.18	
2031	 1108959	 1645683	 116000	 2870642	 13102381	18.11	
2032	 1249603	 1505039	 116000	 2870642	 11852778	25.92	
2033	 1408084	 1346558	 116000	 2870642	 10444694	34.72	
2034	 1586665	 1167978	 116000	 2870642	 8858029	44.64	
2035	 1787893	 966749	 116000	 2870642	 7070136	55.81	
2036	 2014643	 739999	 116000	 2870642	 5055493	68.4	
2037	 2270150	 484492	 116000	 2870642	 2785343	82.59	
2038	 2558062	 196580	 116000	 2870642	 227281	98.58	
2039	 227281	 2273	 9667	 239220	 0	100	
]]></system-out>
  </testcase>
  <testcase name="calculatorsDropDownValidationFromHomeLoan" classname="TestCases.LoanTenureCalculatorUICheck" time="0.366"/>
  <testcase name="emiCalculatorPageValidation" classname="TestCases.LoanTenureCalculatorUICheck" time="2.256"/>
  <testcase name="validateEmiCalculatorLink" classname="TestCases.LoanTenureCalculatorUICheck" time="0.239"/>
  <testcase name="verifyEmiCalculatorLoanAmountInputFieldPresence" classname="TestCases.LoanTenureCalculatorUICheck" time="0.373"/>
  <testcase name="validateEmiCalculatorLoanAmountInputFieldByPassingValue[50,00,000, 12.5, 15.0, 75000.0](1)" classname="TestCases.LoanTenureCalculatorUICheck" time="0.552">
    <system-out><![CDATA[[[50,00,000, 12.5, 15.0, 75000.0]]
]]></system-out>
  </testcase>
  <testcase name="verifyEmiCalculatorInterestRateInputFieldPresence" classname="TestCases.LoanTenureCalculatorUICheck" time="0.237"/>
  <testcase name="validateEmiCalculatorInterestRateInputFieldByPassingValue[50,00,000, 12.5, 15.0, 75000.0](1)" classname="TestCases.LoanTenureCalculatorUICheck" time="0.575">
    <system-out><![CDATA[[[50,00,000, 12.5, 15.0, 75000.0]]
]]></system-out>
  </testcase>
  <testcase name="verifyEmiCalculatorLoanTenureInputFieldPresence" classname="TestCases.LoanTenureCalculatorUICheck" time="0.248"/>
  <testcase name="validateEmiCalculatorLoanTenureInputFieldByPassingValue[50,00,000, 12.5, 15.0, 75000.0](1)" classname="TestCases.LoanTenureCalculatorUICheck" time="0.622">
    <system-out><![CDATA[[[50,00,000, 12.5, 15.0, 75000.0]]
]]></system-out>
  </testcase>
  <testcase name="validateEmiCalculatorLoanTenureMonthButton" classname="TestCases.LoanTenureCalculatorUICheck" time="3.509">
    <system-out><![CDATA[Loan Tenure Slider Scale value in Years
0
5
10
15
20
25
30
Loan Tenure Slider Scale Value in Months 
0
60
120
180
240
300
360
]]></system-out>
  </testcase>
  <testcase name="verifyEmiCalculatorLoanChargesInputFieldPresence" classname="TestCases.LoanTenureCalculatorUICheck" time="0.207"/>
  <testcase name="validateEmiCalculatorLoanChargesInputFieldByPassingValue[50,00,000, 12.5, 15.0, 75000.0](1)" classname="TestCases.LoanTenureCalculatorUICheck" time="0.637">
    <system-out><![CDATA[[[50,00,000, 12.5, 15.0, 75000.0]]
]]></system-out>
  </testcase>
  <testcase name="validateLoanAmountCalculatorLink" classname="TestCases.LoanTenureCalculatorUICheck" time="0.436"/>
  <testcase name="verifyEmiInputFieldPresence" classname="TestCases.LoanTenureCalculatorUICheck" time="0.237"/>
  <testcase name="verifyEmiInputFieldByPassingValue[25000.0, 15.0, 120.0, 50000.0](1)" classname="TestCases.LoanTenureCalculatorUICheck" time="0.526"/>
  <testcase name="verifyLoanAmountInterestRateInputFieldPresence" classname="TestCases.LoanTenureCalculatorUICheck" time="0.227"/>
  <testcase name="validateLoanAmountInterestRateInputFieldByPassingValue[25000.0, 15.0, 120.0, 50000.0](1)" classname="TestCases.LoanTenureCalculatorUICheck" time="0.585"/>
  <testcase name="verifyLoanAmountTenureInputFieldPresence" classname="TestCases.LoanTenureCalculatorUICheck" time="0.217"/>
  <testcase name="validateLoanAmountTenureInputFieldByPassingValue[25000.0, 15.0, 120.0, 50000.0](1)" classname="TestCases.LoanTenureCalculatorUICheck" time="0.52"/>
  <testcase name="validateLoanAmountLoanTenureMonthButton" classname="TestCases.LoanTenureCalculatorUICheck" time="3.443">
    <system-out><![CDATA[Loan Tenure Slider Scale value in Months
0
60
120
180
240
300
360
Loan Tenure Slider Scale Value in Years
0
5
10
15
20
25
30
]]></system-out>
  </testcase>
  <testcase name="verifyLoanAmountLoanChargesInputFieldPresence" classname="TestCases.LoanTenureCalculatorUICheck" time="0.218"/>
  <testcase name="validateLoanAmountLoanChargesInputFieldByPassingValue[25000.0, 15.0, 120.0, 50000.0](1)" classname="TestCases.LoanTenureCalculatorUICheck" time="0.73"/>
  <testcase name="validateLoanTenureCalculatorLink" classname="TestCases.LoanTenureCalculatorUICheck" time="0.439"/>
  <testcase name="verifyLoanTenureLoanAmountInputFieldPresence" classname="TestCases.LoanTenureCalculatorUICheck" time="0.241"/>
  <testcase name="validateLoanTenureLoanAmountInputFieldByPassingValue[75,00,000, 10.0, 50000.0](1)" classname="TestCases.LoanTenureCalculatorUICheck" time="0.759"/>
  <testcase name="verifyLoanTenureEmiInputFieldPresence" classname="TestCases.LoanTenureCalculatorUICheck" time="0.245"/>
  <testcase name="verifyLoanTenureInterestRateInputFieldPresence" classname="TestCases.LoanTenureCalculatorUICheck" time="0.248"/>
  <testcase name="validateLoanTenureInterestRateInputFieldByPassingValue[75,00,000, 10.0, 50000.0](1)" classname="TestCases.LoanTenureCalculatorUICheck" time="0.534"/>
  <testcase name="verifyLoanTenuteLoanChargesInputFieldPresence" classname="TestCases.LoanTenureCalculatorUICheck" time="0.209"/>
  <testcase name="validateLoanTenureLoanChargesInputFieldByValue[75,00,000, 10.0, 50000.0](1)" classname="TestCases.LoanTenureCalculatorUICheck" time="0.596"/>
</testsuite>