<?xml version="1.0" encoding="UTF-8"?>
<!-- Generated by org.testng.reporters.JUnitReportReporter -->
<testsuite hostname="LTIN292975" failures="0" tests="57" name="TestCases.LoanTenureCalculatorUICheck" time="62.995" errors="0" timestamp="2024-02-08T23:33:45 IST" skipped="0">
  <testcase classname="TestCases.LoanTenureCalculatorUICheck" name="clickOnCarLoanLink" time="0.327"/>
  <testcase classname="TestCases.LoanTenureCalculatorUICheck" name="setCarAmount" time="0.677"/>
  <testcase classname="TestCases.LoanTenureCalculatorUICheck" name="setInterestRate" time="0.700"/>
  <testcase classname="TestCases.LoanTenureCalculatorUICheck" name="setLoanTenure" time="0.703"/>
  <testcase classname="TestCases.LoanTenureCalculatorUICheck" name="clickOnyear" time="0.157"/>
  <testcase classname="TestCases.LoanTenureCalculatorUICheck" name="readData" time="0.149"/>
  <testcase classname="TestCases.LoanTenureCalculatorUICheck" name="calculatorsDropDownValidation" time="0.109"/>
  <testcase classname="TestCases.LoanTenureCalculatorUICheck" name="homeLoanEmiCalculatorValidation" time="8.236"/>
  <testcase classname="TestCases.LoanTenureCalculatorUICheck" name="validateHomeValueInputfield" time="3.866"/>
  <testcase classname="TestCases.LoanTenureCalculatorUICheck" name="validateDownPaymentInputFieldInPercentage" time="3.635"/>
  <testcase classname="TestCases.LoanTenureCalculatorUICheck" name="validateDownPaymentRupeesButton" time="0.345"/>
  <testcase classname="TestCases.LoanTenureCalculatorUICheck" name="validateLoanInsuranceInputField" time="3.377"/>
  <testcase classname="TestCases.LoanTenureCalculatorUICheck" name="validateInterestRateInputField" time="0.158"/>
  <testcase classname="TestCases.LoanTenureCalculatorUICheck" name="validateLoanTenureInputField" time="0.267"/>
  <testcase classname="TestCases.LoanTenureCalculatorUICheck" name="validateLoanTenureMonthsButton" time="0.250"/>
  <testcase classname="TestCases.LoanTenureCalculatorUICheck" name="validateLoanChargesInputField" time="4.237"/>
  <testcase classname="TestCases.LoanTenureCalculatorUICheck" name="validateLoanChargesRupeesButtonElement" time="0.306"/>
  <testcase classname="TestCases.LoanTenureCalculatorUICheck" name="validateLoanStartMonthAndYearField" time="0.196"/>
  <testcase classname="TestCases.LoanTenureCalculatorUICheck" name="validateLoanStartMonthAndYearInputField" time="0.652"/>
  <testcase classname="TestCases.LoanTenureCalculatorUICheck" name="validateOneTimeExpensesInputField" time="0.145"/>
  <testcase classname="TestCases.LoanTenureCalculatorUICheck" name="validateOneTimeExpensesRupeesButton" time="3.203"/>
  <testcase classname="TestCases.LoanTenureCalculatorUICheck" name="validatePropertyTaxesPerYearInputField" time="0.156"/>
  <testcase classname="TestCases.LoanTenureCalculatorUICheck" name="validatePropertyTaxesPerYearRupeesButton" time="3.311"/>
  <testcase classname="TestCases.LoanTenureCalculatorUICheck" name="validateHomeInsurancePerYearInputField" time="0.221"/>
  <testcase classname="TestCases.LoanTenureCalculatorUICheck" name="validateHomeInsurancePerYearRupeesButton" time="3.241"/>
  <testcase classname="TestCases.LoanTenureCalculatorUICheck" name="validateMaintenanceExpensesPerMonthInputField" time="0.171"/>
  <testcase classname="TestCases.LoanTenureCalculatorUICheck" name="printAllTheData" time="9.929"/>
  <testcase classname="TestCases.LoanTenureCalculatorUICheck" name="calculatorsDropDownValidationFromHomeLoan" time="0.140"/>
  <testcase classname="TestCases.LoanTenureCalculatorUICheck" name="emiCalculatorPageValidation" time="2.060"/>
  <testcase classname="TestCases.LoanTenureCalculatorUICheck" name="validateEmiCalculatorLink" time="0.070"/>
  <testcase classname="TestCases.LoanTenureCalculatorUICheck" name="verifyEmiCalculatorLoanAmountInputFieldPresence" time="0.071"/>
  <testcase classname="TestCases.LoanTenureCalculatorUICheck" name="validateEmiCalculatorLoanAmountInputFieldByPassingValue" time="0.367"/>
  <testcase classname="TestCases.LoanTenureCalculatorUICheck" name="verifyEmiCalculatorInterestRateInputFieldPresence" time="0.033"/>
  <testcase classname="TestCases.LoanTenureCalculatorUICheck" name="validateEmiCalculatorInterestRateInputFieldByPassingValue" time="0.372"/>
  <testcase classname="TestCases.LoanTenureCalculatorUICheck" name="verifyEmiCalculatorLoanTenureInputFieldPresence" time="0.028"/>
  <testcase classname="TestCases.LoanTenureCalculatorUICheck" name="validateEmiCalculatorLoanTenureInputFieldByPassingValue" time="0.389"/>
  <testcase classname="TestCases.LoanTenureCalculatorUICheck" name="validateEmiCalculatorLoanTenureMonthButton" time="3.333"/>
  <testcase classname="TestCases.LoanTenureCalculatorUICheck" name="verifyEmiCalculatorLoanChargesInputFieldPresence" time="0.041"/>
  <testcase classname="TestCases.LoanTenureCalculatorUICheck" name="validateEmiCalculatorLoanChargesInputFieldByPassingValue" time="0.443"/>
  <testcase classname="TestCases.LoanTenureCalculatorUICheck" name="validateLoanAmountCalculatorLink" time="0.263"/>
  <testcase classname="TestCases.LoanTenureCalculatorUICheck" name="verifyEmiInputFieldPresence" time="0.056"/>
  <testcase classname="TestCases.LoanTenureCalculatorUICheck" name="verifyEmiInputFieldByPassingValue" time="0.358"/>
  <testcase classname="TestCases.LoanTenureCalculatorUICheck" name="verifyLoanAmountInterestRateInputFieldPresence" time="0.028"/>
  <testcase classname="TestCases.LoanTenureCalculatorUICheck" name="validateLoanAmountInterestRateInputFieldByPassingValue" time="0.399"/>
  <testcase classname="TestCases.LoanTenureCalculatorUICheck" name="verifyLoanAmountTenureInputFieldPresence" time="0.025"/>
  <testcase classname="TestCases.LoanTenureCalculatorUICheck" name="validateLoanAmountTenureInputFieldByPassingValue" time="0.341"/>
  <testcase classname="TestCases.LoanTenureCalculatorUICheck" name="validateLoanAmountLoanTenureMonthButton" time="3.266"/>
  <testcase classname="TestCases.LoanTenureCalculatorUICheck" name="verifyLoanAmountLoanChargesInputFieldPresence" time="0.033"/>
  <testcase classname="TestCases.LoanTenureCalculatorUICheck" name="validateLoanAmountLoanChargesInputFieldByPassingValue" time="0.471"/>
  <testcase classname="TestCases.LoanTenureCalculatorUICheck" name="validateLoanTenureCalculatorLink" time="0.224"/>
  <testcase classname="TestCases.LoanTenureCalculatorUICheck" name="verifyLoanTenureLoanAmountInputFieldPresence" time="0.045"/>
  <testcase classname="TestCases.LoanTenureCalculatorUICheck" name="validateLoanTenureLoanAmountInputFieldByPassingValue" time="0.558"/>
  <testcase classname="TestCases.LoanTenureCalculatorUICheck" name="verifyLoanTenureEmiInputFieldPresence" time="0.038"/>
  <testcase classname="TestCases.LoanTenureCalculatorUICheck" name="verifyLoanTenureInterestRateInputFieldPresence" time="0.029"/>
  <testcase classname="TestCases.LoanTenureCalculatorUICheck" name="validateLoanTenureInterestRateInputFieldByPassingValue" time="0.351"/>
  <testcase classname="TestCases.LoanTenureCalculatorUICheck" name="verifyLoanTenuteLoanChargesInputFieldPresence" time="0.028"/>
  <testcase classname="TestCases.LoanTenureCalculatorUICheck" name="validateLoanTenureLoanChargesInputFieldByValue" time="0.411"/>
</testsuite> <!-- TestCases.LoanTenureCalculatorUICheck -->
